<?xml version="1.0" encoding="UTF-8"?>
<testng-results ignored="0" total="2" passed="2" failed="0" skipped="0">
  <reporter-output>
  </reporter-output>
  <suite started-at="2022-02-01T14:01:49 IST" name="Suite" finished-at="2022-02-01T14:03:45 IST" duration-ms="115735">
    <groups>
    </groups>
    <test started-at="2022-02-01T14:01:49 IST" name="chomeTest" finished-at="2022-02-01T14:02:29 IST" duration-ms="40124">
      <class name="assignment01.DDTestUsingJSON">
        <test-method is-config="true" signature="setup1(java.lang.String)[pri:0, instance:assignment01.DDTestUsingJSON@65c7a252]" started-at="2022-02-01T14:01:49 IST" name="setup1" finished-at="2022-02-01T14:02:14 IST" duration-ms="25201" status="PASS">
          <params>
            <param index="0">
              <value>
                <![CDATA[chrome]]>
              </value>
            </param>
          </params>
          <reporter-output>
          </reporter-output>
        </test-method> <!-- setup1 -->
        <test-method is-config="true" signature="setUp()[pri:0, instance:assignment01.DDTestUsingJSON@65c7a252]" started-at="2022-02-01T14:02:14 IST" name="setUp" finished-at="2022-02-01T14:02:14 IST" duration-ms="2" status="PASS">
          <reporter-output>
          </reporter-output>
        </test-method> <!-- setUp -->
        <test-method signature="login(java.lang.String)[pri:0, instance:assignment01.DDTestUsingJSON@65c7a252]" started-at="2022-02-01T14:02:14 IST" name="login" data-provider="harr" finished-at="2022-02-01T14:02:28 IST" duration-ms="13973" status="PASS">
          <params>
            <param index="0">
              <value>
                <![CDATA[Admin,admin123]]>
              </value>
            </param>
          </params>
          <reporter-output>
          </reporter-output>
        </test-method> <!-- login -->
        <test-method is-config="true" signature="name(org.testng.ITestResult)[pri:0, instance:assignment01.DDTestUsingJSON@65c7a252]" started-at="2022-02-01T14:02:28 IST" name="name" finished-at="2022-02-01T14:02:28 IST" duration-ms="2" status="PASS">
          <params>
            <param index="0">
              <value>
                <![CDATA[[TestResult name=login status=SUCCESS method=DDTestUsingJSON.login(java.lang.String)[pri:0, instance:assignment01.DDTestUsingJSON@65c7a252] output={null}]]]>
              </value>
            </param>
          </params>
          <reporter-output>
          </reporter-output>
        </test-method> <!-- name -->
        <test-method is-config="true" signature="tearDown()[pri:0, instance:assignment01.DDTestUsingJSON@65c7a252]" started-at="2022-02-01T14:02:28 IST" name="tearDown" finished-at="2022-02-01T14:02:29 IST" duration-ms="626" status="PASS">
          <reporter-output>
          </reporter-output>
        </test-method> <!-- tearDown -->
      </class> <!-- assignment01.DDTestUsingJSON -->
    </test> <!-- chomeTest -->
    <test started-at="2022-02-01T14:02:29 IST" name="EdgeTest" finished-at="2022-02-01T14:03:45 IST" duration-ms="75489">
      <class name="assignment01.DDTestUsingJSON">
        <test-method is-config="true" signature="setUp()[pri:0, instance:assignment01.DDTestUsingJSON@2cf3d63b]" started-at="2022-02-01T14:01:47 IST" name="setUp" finished-at="2022-02-01T14:01:49 IST" duration-ms="1796" status="PASS">
          <reporter-output>
          </reporter-output>
        </test-method> <!-- setUp -->
        <test-method is-config="true" signature="setup1(java.lang.String)[pri:0, instance:assignment01.DDTestUsingJSON@2cf3d63b]" started-at="2022-02-01T14:02:29 IST" name="setup1" finished-at="2022-02-01T14:03:14 IST" duration-ms="44955" status="PASS">
          <params>
            <param index="0">
              <value>
                <![CDATA[Edge]]>
              </value>
            </param>
          </params>
          <reporter-output>
          </reporter-output>
        </test-method> <!-- setup1 -->
        <test-method is-config="true" signature="setUp()[pri:0, instance:assignment01.DDTestUsingJSON@2cf3d63b]" started-at="2022-02-01T14:03:14 IST" name="setUp" finished-at="2022-02-01T14:03:14 IST" duration-ms="2" status="PASS">
          <reporter-output>
          </reporter-output>
        </test-method> <!-- setUp -->
        <test-method signature="login(java.lang.String)[pri:0, instance:assignment01.DDTestUsingJSON@2cf3d63b]" started-at="2022-02-01T14:03:14 IST" name="login" data-provider="harr" finished-at="2022-02-01T14:03:43 IST" duration-ms="28976" status="PASS">
          <params>
            <param index="0">
              <value>
                <![CDATA[Admin,admin123]]>
              </value>
            </param>
          </params>
          <reporter-output>
          </reporter-output>
        </test-method> <!-- login -->
        <test-method is-config="true" signature="name(org.testng.ITestResult)[pri:0, instance:assignment01.DDTestUsingJSON@2cf3d63b]" started-at="2022-02-01T14:03:43 IST" name="name" finished-at="2022-02-01T14:03:43 IST" duration-ms="2" status="PASS">
          <params>
            <param index="0">
              <value>
                <![CDATA[[TestResult name=login status=SUCCESS method=DDTestUsingJSON.login(java.lang.String)[pri:0, instance:assignment01.DDTestUsingJSON@2cf3d63b] output={null}]]]>
              </value>
            </param>
          </params>
          <reporter-output>
          </reporter-output>
        </test-method> <!-- name -->
        <test-method is-config="true" signature="tearDown()[pri:0, instance:assignment01.DDTestUsingJSON@2cf3d63b]" started-at="2022-02-01T14:03:43 IST" name="tearDown" finished-at="2022-02-01T14:03:45 IST" duration-ms="1543" status="PASS">
          <reporter-output>
          </reporter-output>
        </test-method> <!-- tearDown -->
        <test-method is-config="true" signature="tearDown1()[pri:0, instance:assignment01.DDTestUsingJSON@2cf3d63b]" started-at="2022-02-01T14:03:45 IST" name="tearDown1" finished-at="2022-02-01T14:03:47 IST" duration-ms="1978" status="PASS">
          <reporter-output>
          </reporter-output>
        </test-method> <!-- tearDown1 -->
      </class> <!-- assignment01.DDTestUsingJSON -->
    </test> <!-- EdgeTest -->
  </suite> <!-- Suite -->
</testng-results>
